Determining if the pthread_create exist failed with the following output:
Change Dir: /home/hojun/catkin_ws/src/mando/frenet/src/update/build/CMakeFiles/CMakeTmp

Run Build Command:"/usr/bin/make" "cmTC_39f3a/fast"
/usr/bin/make -f CMakeFiles/cmTC_39f3a.dir/build.make CMakeFiles/cmTC_39f3a.dir/build
make[1]: Entering directory '/home/hojun/catkin_ws/src/mando/frenet/src/update/build/CMakeFiles/CMakeTmp'
Building C object CMakeFiles/cmTC_39f3a.dir/CheckSymbolExists.c.o
/usr/bin/cc    -o CMakeFiles/cmTC_39f3a.dir/CheckSymbolExists.c.o   -c /home/hojun/catkin_ws/src/mando/frenet/src/update/build/CMakeFiles/CMakeTmp/CheckSymbolExists.c
Linking C executable cmTC_39f3a
/usr/bin/cmake -E cmake_link_script CMakeFiles/cmTC_39f3a.dir/link.txt --verbose=1
/usr/bin/cc      -rdynamic CMakeFiles/cmTC_39f3a.dir/CheckSymbolExists.c.o  -o cmTC_39f3a 
CMakeFiles/cmTC_39f3a.dir/CheckSymbolExists.c.o: In function `main':
CheckSymbolExists.c:(.text+0x1b): undefined reference to `pthread_create'
collect2: error: ld returned 1 exit status
CMakeFiles/cmTC_39f3a.dir/build.make:97: recipe for target 'cmTC_39f3a' failed
make[1]: *** [cmTC_39f3a] Error 1
make[1]: Leaving directory '/home/hojun/catkin_ws/src/mando/frenet/src/update/build/CMakeFiles/CMakeTmp'
Makefile:126: recipe for target 'cmTC_39f3a/fast' failed
make: *** [cmTC_39f3a/fast] Error 2

File /home/hojun/catkin_ws/src/mando/frenet/src/update/build/CMakeFiles/CMakeTmp/CheckSymbolExists.c:
/* */
#include <pthread.h>

int main(int argc, char** argv)
{
  (void)argv;
#ifndef pthread_create
  return ((int*)(&pthread_create))[argc];
#else
  (void)argc;
  return 0;
#endif
}

Determining if the function pthread_create exists in the pthreads failed with the following output:
Change Dir: /home/hojun/catkin_ws/src/mando/frenet/src/update/build/CMakeFiles/CMakeTmp

Run Build Command:"/usr/bin/make" "cmTC_7ccf9/fast"
/usr/bin/make -f CMakeFiles/cmTC_7ccf9.dir/build.make CMakeFiles/cmTC_7ccf9.dir/build
make[1]: Entering directory '/home/hojun/catkin_ws/src/mando/frenet/src/update/build/CMakeFiles/CMakeTmp'
Building C object CMakeFiles/cmTC_7ccf9.dir/CheckFunctionExists.c.o
/usr/bin/cc   -DCHECK_FUNCTION_EXISTS=pthread_create   -o CMakeFiles/cmTC_7ccf9.dir/CheckFunctionExists.c.o   -c /usr/share/cmake-3.10/Modules/CheckFunctionExists.c
Linking C executable cmTC_7ccf9
/usr/bin/cmake -E cmake_link_script CMakeFiles/cmTC_7ccf9.dir/link.txt --verbose=1
/usr/bin/cc  -DCHECK_FUNCTION_EXISTS=pthread_create    -rdynamic CMakeFiles/cmTC_7ccf9.dir/CheckFunctionExists.c.o  -o cmTC_7ccf9 -lpthreads 
/usr/bin/ld: cannot find -lpthreads
collect2: error: ld returned 1 exit status
CMakeFiles/cmTC_7ccf9.dir/build.make:97: recipe for target 'cmTC_7ccf9' failed
make[1]: *** [cmTC_7ccf9] Error 1
make[1]: Leaving directory '/home/hojun/catkin_ws/src/mando/frenet/src/update/build/CMakeFiles/CMakeTmp'
Makefile:126: recipe for target 'cmTC_7ccf9/fast' failed
make: *** [cmTC_7ccf9/fast] Error 2


